[debug] [2020-04-11T12:12:39.704Z] ----------------------------------------------------------------------
[debug] [2020-04-11T12:12:39.706Z] Command:       C:\Program Files\nodejs\node.exe C:\Users\Georgi\AppData\Roaming\npm\node_modules\firebase-tools\lib\bin\firebase.js init
[debug] [2020-04-11T12:12:39.706Z] CLI Version:   8.0.2
[debug] [2020-04-11T12:12:39.706Z] Platform:      win32
[debug] [2020-04-11T12:12:39.706Z] Node Version:  v10.15.3
[debug] [2020-04-11T12:12:39.707Z] Time:          Sat Apr 11 2020 15:12:39 GMT+0300 (Eastern European Summer Time)
[debug] [2020-04-11T12:12:39.707Z] ----------------------------------------------------------------------
[debug] [2020-04-11T12:12:39.707Z] 
[debug] [2020-04-11T12:12:39.712Z] > command requires scopes: ["email","openid","https://www.googleapis.com/auth/cloudplatformprojects.readonly","https://www.googleapis.com/auth/firebase","https://www.googleapis.com/auth/cloud-platform"]
[debug] [2020-04-11T12:12:39.729Z] Error: Could not load the default credentials. Browse to https://cloud.google.com/docs/authentication/getting-started for more information.
    at GoogleAuth.getApplicationDefaultAsync (C:\Users\Georgi\AppData\Roaming\npm\node_modules\firebase-tools\node_modules\google-auth-library\build\src\auth\googleauth.js:160:19)
    at process._tickCallback (internal/process/next_tick.js:68:7)
[error] 
[error] Error: An unexpected error has occurred.
[debug] [2020-04-11T12:13:20.532Z] ----------------------------------------------------------------------
[debug] [2020-04-11T12:13:20.534Z] Command:       C:\Program Files\nodejs\node.exe C:\Users\Georgi\AppData\Roaming\npm\node_modules\firebase-tools\lib\bin\firebase.js init --debug
[debug] [2020-04-11T12:13:20.534Z] CLI Version:   8.0.2
[debug] [2020-04-11T12:13:20.534Z] Platform:      win32
[debug] [2020-04-11T12:13:20.535Z] Node Version:  v10.15.3
[debug] [2020-04-11T12:13:20.536Z] Time:          Sat Apr 11 2020 15:13:20 GMT+0300 (Eastern European Summer Time)
[debug] [2020-04-11T12:13:20.536Z] ----------------------------------------------------------------------
[debug] [2020-04-11T12:13:20.536Z] 
[debug] [2020-04-11T12:13:20.541Z] > command requires scopes: ["email","openid","https://www.googleapis.com/auth/cloudplatformprojects.readonly","https://www.googleapis.com/auth/firebase","https://www.googleapis.com/auth/cloud-platform"]
[debug] [2020-04-11T12:13:20.558Z] Error: Could not load the default credentials. Browse to https://cloud.google.com/docs/authentication/getting-started for more information.
    at GoogleAuth.getApplicationDefaultAsync (C:\Users\Georgi\AppData\Roaming\npm\node_modules\firebase-tools\node_modules\google-auth-library\build\src\auth\googleauth.js:160:19)
    at process._tickCallback (internal/process/next_tick.js:68:7)
[error] 
[error] Error: An unexpected error has occurred.
[debug] [2020-04-11T12:13:27.457Z] ----------------------------------------------------------------------
[debug] [2020-04-11T12:13:27.459Z] Command:       C:\Program Files\nodejs\node.exe C:\Users\Georgi\AppData\Roaming\npm\node_modules\firebase-tools\lib\bin\firebase.js init --debug
[debug] [2020-04-11T12:13:27.459Z] CLI Version:   8.0.2
[debug] [2020-04-11T12:13:27.459Z] Platform:      win32
[debug] [2020-04-11T12:13:27.459Z] Node Version:  v10.15.3
[debug] [2020-04-11T12:13:27.460Z] Time:          Sat Apr 11 2020 15:13:27 GMT+0300 (Eastern European Summer Time)
[debug] [2020-04-11T12:13:27.460Z] ----------------------------------------------------------------------
[debug] [2020-04-11T12:13:27.460Z] 
[debug] [2020-04-11T12:13:27.466Z] > command requires scopes: ["email","openid","https://www.googleapis.com/auth/cloudplatformprojects.readonly","https://www.googleapis.com/auth/firebase","https://www.googleapis.com/auth/cloud-platform"]
[debug] [2020-04-11T12:13:27.483Z] Error: Could not load the default credentials. Browse to https://cloud.google.com/docs/authentication/getting-started for more information.
    at GoogleAuth.getApplicationDefaultAsync (C:\Users\Georgi\AppData\Roaming\npm\node_modules\firebase-tools\node_modules\google-auth-library\build\src\auth\googleauth.js:160:19)
    at process._tickCallback (internal/process/next_tick.js:68:7)
[error] 
[error] Error: An unexpected error has occurred.
[debug] [2020-04-11T12:15:17.923Z] ----------------------------------------------------------------------
[debug] [2020-04-11T12:15:17.925Z] Command:       C:\Program Files\nodejs\node.exe C:\Users\Georgi\AppData\Roaming\npm\node_modules\firebase-tools\lib\bin\firebase.js init
[debug] [2020-04-11T12:15:17.926Z] CLI Version:   8.0.2
[debug] [2020-04-11T12:15:17.926Z] Platform:      win32
[debug] [2020-04-11T12:15:17.926Z] Node Version:  v10.15.3
[debug] [2020-04-11T12:15:17.927Z] Time:          Sat Apr 11 2020 15:15:17 GMT+0300 (Eastern European Summer Time)
[debug] [2020-04-11T12:15:17.927Z] ----------------------------------------------------------------------
[debug] [2020-04-11T12:15:17.927Z] 
[debug] [2020-04-11T12:15:17.932Z] > command requires scopes: ["email","openid","https://www.googleapis.com/auth/cloudplatformprojects.readonly","https://www.googleapis.com/auth/firebase","https://www.googleapis.com/auth/cloud-platform"]
[debug] [2020-04-11T12:15:17.950Z] Error: Could not load the default credentials. Browse to https://cloud.google.com/docs/authentication/getting-started for more information.
    at GoogleAuth.getApplicationDefaultAsync (C:\Users\Georgi\AppData\Roaming\npm\node_modules\firebase-tools\node_modules\google-auth-library\build\src\auth\googleauth.js:160:19)
    at process._tickCallback (internal/process/next_tick.js:68:7)
[error] 
[error] Error: An unexpected error has occurred.
[debug] [2020-04-11T12:16:45.162Z] ----------------------------------------------------------------------
[debug] [2020-04-11T12:16:45.164Z] Command:       C:\Program Files\nodejs\node.exe C:\Users\Georgi\AppData\Roaming\npm\node_modules\firebase-tools\lib\bin\firebase.js init
[debug] [2020-04-11T12:16:45.164Z] CLI Version:   8.0.2
[debug] [2020-04-11T12:16:45.164Z] Platform:      win32
[debug] [2020-04-11T12:16:45.164Z] Node Version:  v10.15.3
[debug] [2020-04-11T12:16:45.165Z] Time:          Sat Apr 11 2020 15:16:45 GMT+0300 (Eastern European Summer Time)
[debug] [2020-04-11T12:16:45.165Z] ----------------------------------------------------------------------
[debug] [2020-04-11T12:16:45.166Z] 
[debug] [2020-04-11T12:16:45.172Z] > command requires scopes: ["email","openid","https://www.googleapis.com/auth/cloudplatformprojects.readonly","https://www.googleapis.com/auth/firebase","https://www.googleapis.com/auth/cloud-platform"]
[debug] [2020-04-11T12:16:45.189Z] Error: Could not load the default credentials. Browse to https://cloud.google.com/docs/authentication/getting-started for more information.
    at GoogleAuth.getApplicationDefaultAsync (C:\Users\Georgi\AppData\Roaming\npm\node_modules\firebase-tools\node_modules\google-auth-library\build\src\auth\googleauth.js:160:19)
    at process._tickCallback (internal/process/next_tick.js:68:7)
[error] 
[error] Error: An unexpected error has occurred.
[debug] [2020-04-11T12:17:17.351Z] ----------------------------------------------------------------------
[debug] [2020-04-11T12:17:17.353Z] Command:       C:\Program Files\nodejs\node.exe C:\Users\Georgi\AppData\Roaming\npm\node_modules\firebase-tools\lib\bin\firebase.js init --debug
[debug] [2020-04-11T12:17:17.353Z] CLI Version:   8.0.2
[debug] [2020-04-11T12:17:17.353Z] Platform:      win32
[debug] [2020-04-11T12:17:17.353Z] Node Version:  v10.15.3
[debug] [2020-04-11T12:17:17.354Z] Time:          Sat Apr 11 2020 15:17:17 GMT+0300 (Eastern European Summer Time)
[debug] [2020-04-11T12:17:17.354Z] ----------------------------------------------------------------------
[debug] [2020-04-11T12:17:17.354Z] 
[debug] [2020-04-11T12:17:17.359Z] > command requires scopes: ["email","openid","https://www.googleapis.com/auth/cloudplatformprojects.readonly","https://www.googleapis.com/auth/firebase","https://www.googleapis.com/auth/cloud-platform"]
[debug] [2020-04-11T12:17:17.377Z] Error: Could not load the default credentials. Browse to https://cloud.google.com/docs/authentication/getting-started for more information.
    at GoogleAuth.getApplicationDefaultAsync (C:\Users\Georgi\AppData\Roaming\npm\node_modules\firebase-tools\node_modules\google-auth-library\build\src\auth\googleauth.js:160:19)
    at process._tickCallback (internal/process/next_tick.js:68:7)
[error] 
[error] Error: An unexpected error has occurred.
